<?xml version="1.0" encoding="UTF-8"?>
<testng-results ignored="0" total="1" passed="1" failed="0" skipped="0">
  <reporter-output>
  </reporter-output>
  <suite started-at="2024-05-13T10:23:53Z" name="Default suite" finished-at="2024-05-13T10:24:13Z" duration-ms="19620">
    <groups>
    </groups>
    <test started-at="2024-05-13T10:23:53Z" name="Default test" finished-at="2024-05-13T10:24:13Z" duration-ms="19620">
      <class name="mysoft.TestCases.LoginTest">
        <test-method is-config="true" signature="start()[pri:0, instance:mysoft.TestCases.LoginTest@4a8355dd]" started-at="2024-05-13T16:23:51Z" name="start" finished-at="2024-05-13T16:23:53Z" duration-ms="2042" status="PASS">
          <reporter-output>
          </reporter-output>
        </test-method> <!-- start -->
        <test-method is-config="true" signature="OpenUrl()[pri:0, instance:mysoft.TestCases.LoginTest@4a8355dd]" started-at="2024-05-13T16:23:53Z" name="OpenUrl" finished-at="2024-05-13T16:23:59Z" duration-ms="5639" status="PASS">
          <reporter-output>
          </reporter-output>
        </test-method> <!-- OpenUrl -->
        <test-method signature="loginTest()[pri:0, instance:mysoft.TestCases.LoginTest@4a8355dd]" started-at="2024-05-13T16:23:59Z" name="loginTest" finished-at="2024-05-13T16:24:12Z" duration-ms="13965" status="PASS">
          <reporter-output>
          </reporter-output>
        </test-method> <!-- loginTest -->
        <test-method is-config="true" signature="close()[pri:0, instance:mysoft.TestCases.LoginTest@4a8355dd]" started-at="2024-05-13T16:24:13Z" name="close" finished-at="2024-05-13T16:24:13Z" duration-ms="247" status="PASS">
          <reporter-output>
          </reporter-output>
        </test-method> <!-- close -->
      </class> <!-- mysoft.TestCases.LoginTest -->
    </test> <!-- Default test -->
  </suite> <!-- Default suite -->
</testng-results>
